mode: set
github.com/lpasquali/rune-operator/main.go:40.73,42.3 1 0
github.com/lpasquali/rune-operator/main.go:43.85,45.3 1 0
github.com/lpasquali/rune-operator/main.go:46.120,54.3 1 1
github.com/lpasquali/rune-operator/main.go:55.81,56.15 1 1
github.com/lpasquali/rune-operator/main.go:56.15,58.4 1 1
github.com/lpasquali/rune-operator/main.go:59.3,60.10 2 1
github.com/lpasquali/rune-operator/main.go:60.10,62.4 1 1
github.com/lpasquali/rune-operator/main.go:63.3,68.37 2 0
github.com/lpasquali/rune-operator/main.go:70.110,72.10 2 1
github.com/lpasquali/rune-operator/main.go:72.10,74.4 1 1
github.com/lpasquali/rune-operator/main.go:75.3,75.46 1 0
github.com/lpasquali/rune-operator/main.go:77.50,80.17 3 1
github.com/lpasquali/rune-operator/main.go:80.17,82.4 1 0
github.com/lpasquali/rune-operator/main.go:83.3,88.10 1 1
github.com/lpasquali/rune-operator/main.go:96.13,114.108 15 1
github.com/lpasquali/rune-operator/main.go:114.108,117.3 2 1
github.com/lpasquali/rune-operator/main.go:120.120,122.16 2 1
github.com/lpasquali/rune-operator/main.go:122.16,124.3 1 1
github.com/lpasquali/rune-operator/main.go:126.2,130.16 4 1
github.com/lpasquali/rune-operator/main.go:130.16,132.3 1 1
github.com/lpasquali/rune-operator/main.go:134.2,136.47 2 1
github.com/lpasquali/rune-operator/main.go:136.47,138.3 1 1
github.com/lpasquali/rune-operator/main.go:140.2,140.76 1 1
github.com/lpasquali/rune-operator/main.go:140.76,142.3 1 1
github.com/lpasquali/rune-operator/main.go:144.2,144.69 1 1
github.com/lpasquali/rune-operator/main.go:144.69,146.3 1 1
github.com/lpasquali/rune-operator/main.go:147.2,147.67 1 1
github.com/lpasquali/rune-operator/main.go:147.67,149.3 1 1
github.com/lpasquali/rune-operator/main.go:151.2,152.58 2 1
github.com/lpasquali/rune-operator/main.go:152.58,154.3 1 1
github.com/lpasquali/rune-operator/main.go:155.2,155.12 1 1
github.com/lpasquali/rune-operator/main.go:158.47,160.47 2 1
github.com/lpasquali/rune-operator/main.go:160.47,162.3 1 1
github.com/lpasquali/rune-operator/main.go:163.2,163.44 1 1
github.com/lpasquali/rune-operator/main.go:163.44,165.3 1 1
github.com/lpasquali/rune-operator/main.go:166.2,166.15 1 1
