mode: atomic
github.com/lpasquali/rune-operator/api/v1alpha1/groupversion_info.go:15.111,24.2 1 1
github.com/lpasquali/rune-operator/api/v1alpha1/runebenchmark_types.go:80.13,82.2 1 1
github.com/lpasquali/rune-operator/api/v1alpha1/zz_generated.deepcopy.go:10.59,16.2 5 4
github.com/lpasquali/rune-operator/api/v1alpha1/zz_generated.deepcopy.go:18.52,19.15 1 4
github.com/lpasquali/rune-operator/api/v1alpha1/zz_generated.deepcopy.go:19.15,21.3 1 2
github.com/lpasquali/rune-operator/api/v1alpha1/zz_generated.deepcopy.go:22.2,24.12 3 2
github.com/lpasquali/rune-operator/api/v1alpha1/zz_generated.deepcopy.go:27.58,28.34 1 2
github.com/lpasquali/rune-operator/api/v1alpha1/zz_generated.deepcopy.go:28.34,30.3 1 1
github.com/lpasquali/rune-operator/api/v1alpha1/zz_generated.deepcopy.go:31.2,31.12 1 1
github.com/lpasquali/rune-operator/api/v1alpha1/zz_generated.deepcopy.go:34.67,38.21 4 2
github.com/lpasquali/rune-operator/api/v1alpha1/zz_generated.deepcopy.go:38.21,41.22 3 2
github.com/lpasquali/rune-operator/api/v1alpha1/zz_generated.deepcopy.go:41.22,43.4 1 2
github.com/lpasquali/rune-operator/api/v1alpha1/zz_generated.deepcopy.go:47.60,48.15 1 4
github.com/lpasquali/rune-operator/api/v1alpha1/zz_generated.deepcopy.go:48.15,50.3 1 2
github.com/lpasquali/rune-operator/api/v1alpha1/zz_generated.deepcopy.go:51.2,53.12 3 2
github.com/lpasquali/rune-operator/api/v1alpha1/zz_generated.deepcopy.go:56.62,57.34 1 2
github.com/lpasquali/rune-operator/api/v1alpha1/zz_generated.deepcopy.go:57.34,59.3 1 1
github.com/lpasquali/rune-operator/api/v1alpha1/zz_generated.deepcopy.go:60.2,60.12 1 1
github.com/lpasquali/rune-operator/api/v1alpha1/zz_generated.deepcopy.go:63.71,65.32 2 6
github.com/lpasquali/rune-operator/api/v1alpha1/zz_generated.deepcopy.go:65.32,68.3 2 5
github.com/lpasquali/rune-operator/api/v1alpha1/zz_generated.deepcopy.go:69.2,69.34 1 6
github.com/lpasquali/rune-operator/api/v1alpha1/zz_generated.deepcopy.go:69.34,72.3 2 5
github.com/lpasquali/rune-operator/api/v1alpha1/zz_generated.deepcopy.go:73.2,74.23 2 6
github.com/lpasquali/rune-operator/api/v1alpha1/zz_generated.deepcopy.go:74.23,78.3 3 5
github.com/lpasquali/rune-operator/api/v1alpha1/zz_generated.deepcopy.go:79.2,79.26 1 6
github.com/lpasquali/rune-operator/api/v1alpha1/zz_generated.deepcopy.go:79.26,82.22 3 5
github.com/lpasquali/rune-operator/api/v1alpha1/zz_generated.deepcopy.go:82.22,84.4 1 5
github.com/lpasquali/rune-operator/api/v1alpha1/zz_generated.deepcopy.go:88.51,92.2 3 7
github.com/lpasquali/rune-operator/internal/telemetry/telemetry.go:19.91,21.2 1 2
github.com/lpasquali/rune-operator/internal/telemetry/telemetry.go:23.43,26.20 3 6
github.com/lpasquali/rune-operator/internal/telemetry/telemetry.go:26.20,27.17 1 1
github.com/lpasquali/rune-operator/internal/telemetry/telemetry.go:27.18,27.19 0 1
github.com/lpasquali/rune-operator/internal/telemetry/telemetry.go:30.2,31.16 2 5
github.com/lpasquali/rune-operator/internal/telemetry/telemetry.go:31.16,33.17 2 1
github.com/lpasquali/rune-operator/internal/telemetry/telemetry.go:33.18,33.19 0 1
github.com/lpasquali/rune-operator/internal/telemetry/telemetry.go:36.2,39.16 2 4
github.com/lpasquali/rune-operator/internal/telemetry/telemetry.go:39.16,42.3 2 1
github.com/lpasquali/rune-operator/internal/telemetry/telemetry.go:44.2,51.16 4 4
github.com/lpasquali/rune-operator/internal/telemetry/telemetry.go:51.16,54.65 3 4
github.com/lpasquali/rune-operator/internal/telemetry/telemetry.go:54.65,56.4 1 1
github.com/lpasquali/rune-operator/internal/metrics/metrics.go:36.17,37.17 1 2
github.com/lpasquali/rune-operator/internal/metrics/metrics.go:37.17,39.3 1 1
github.com/lpasquali/rune-operator/main.go:38.87,40.3 1 0
github.com/lpasquali/rune-operator/main.go:41.120,49.3 1 1
github.com/lpasquali/rune-operator/main.go:50.93,51.15 1 2
github.com/lpasquali/rune-operator/main.go:51.15,53.4 1 1
github.com/lpasquali/rune-operator/main.go:54.3,55.10 2 1
github.com/lpasquali/rune-operator/main.go:55.10,57.4 1 1
github.com/lpasquali/rune-operator/main.go:58.3,63.37 2 0
github.com/lpasquali/rune-operator/main.go:65.110,67.10 2 1
github.com/lpasquali/rune-operator/main.go:67.10,69.4 1 1
github.com/lpasquali/rune-operator/main.go:70.3,70.46 1 0
github.com/lpasquali/rune-operator/main.go:72.50,78.3 1 2
github.com/lpasquali/rune-operator/main.go:85.13,103.108 15 1
github.com/lpasquali/rune-operator/main.go:103.108,106.3 2 1
github.com/lpasquali/rune-operator/main.go:109.120,111.16 2 9
github.com/lpasquali/rune-operator/main.go:111.16,113.3 1 1
github.com/lpasquali/rune-operator/main.go:115.2,119.16 4 8
github.com/lpasquali/rune-operator/main.go:119.16,121.3 1 2
github.com/lpasquali/rune-operator/main.go:123.2,125.47 2 6
github.com/lpasquali/rune-operator/main.go:125.47,127.3 1 1
github.com/lpasquali/rune-operator/main.go:129.2,129.76 1 5
github.com/lpasquali/rune-operator/main.go:129.76,131.3 1 1
github.com/lpasquali/rune-operator/main.go:133.2,133.69 1 4
github.com/lpasquali/rune-operator/main.go:133.69,135.3 1 1
github.com/lpasquali/rune-operator/main.go:136.2,136.67 1 3
github.com/lpasquali/rune-operator/main.go:136.67,138.3 1 1
github.com/lpasquali/rune-operator/main.go:140.2,141.58 2 2
github.com/lpasquali/rune-operator/main.go:141.58,143.3 1 1
github.com/lpasquali/rune-operator/main.go:144.2,144.12 1 1
github.com/lpasquali/rune-operator/main.go:147.47,149.47 2 12
github.com/lpasquali/rune-operator/main.go:149.47,151.3 1 2
github.com/lpasquali/rune-operator/main.go:152.2,152.44 1 10
github.com/lpasquali/rune-operator/main.go:152.44,154.3 1 1
github.com/lpasquali/rune-operator/main.go:155.2,155.15 1 9
github.com/lpasquali/rune-operator/controllers/estop_controller.go:41.68,45.2 1 1
github.com/lpasquali/rune-operator/controllers/estop_controller.go:47.97,51.21 3 14
github.com/lpasquali/rune-operator/controllers/estop_controller.go:51.21,53.3 1 13
github.com/lpasquali/rune-operator/controllers/estop_controller.go:56.2,56.27 1 14
github.com/lpasquali/rune-operator/controllers/estop_controller.go:56.27,58.3 1 1
github.com/lpasquali/rune-operator/controllers/estop_controller.go:60.2,61.59 2 13
github.com/lpasquali/rune-operator/controllers/estop_controller.go:61.59,62.32 1 3
github.com/lpasquali/rune-operator/controllers/estop_controller.go:62.32,64.4 1 2
github.com/lpasquali/rune-operator/controllers/estop_controller.go:65.3,65.28 1 1
github.com/lpasquali/rune-operator/controllers/estop_controller.go:68.2,68.36 1 10
github.com/lpasquali/rune-operator/controllers/estop_controller.go:68.36,70.3 1 2
github.com/lpasquali/rune-operator/controllers/estop_controller.go:72.2,74.60 2 8
github.com/lpasquali/rune-operator/controllers/estop_controller.go:74.60,76.3 1 2
github.com/lpasquali/rune-operator/controllers/estop_controller.go:78.2,78.60 1 6
github.com/lpasquali/rune-operator/controllers/estop_controller.go:78.60,80.3 1 1
github.com/lpasquali/rune-operator/controllers/estop_controller.go:82.2,82.27 1 5
github.com/lpasquali/rune-operator/controllers/estop_controller.go:88.10,90.43 2 9
github.com/lpasquali/rune-operator/controllers/estop_controller.go:90.43,92.3 1 1
github.com/lpasquali/rune-operator/controllers/estop_controller.go:94.2,94.28 1 8
github.com/lpasquali/rune-operator/controllers/estop_controller.go:94.28,96.24 2 5
github.com/lpasquali/rune-operator/controllers/estop_controller.go:96.24,97.12 1 1
github.com/lpasquali/rune-operator/controllers/estop_controller.go:99.3,100.30 2 4
github.com/lpasquali/rune-operator/controllers/estop_controller.go:100.30,102.4 1 4
github.com/lpasquali/rune-operator/controllers/estop_controller.go:103.3,104.45 2 4
github.com/lpasquali/rune-operator/controllers/estop_controller.go:104.45,106.4 1 1
github.com/lpasquali/rune-operator/controllers/estop_controller.go:107.3,107.103 1 3
github.com/lpasquali/rune-operator/controllers/estop_controller.go:109.2,109.12 1 7
github.com/lpasquali/rune-operator/controllers/estop_controller.go:115.10,117.46 2 7
github.com/lpasquali/rune-operator/controllers/estop_controller.go:117.46,119.3 1 1
github.com/lpasquali/rune-operator/controllers/estop_controller.go:121.2,121.31 1 6
github.com/lpasquali/rune-operator/controllers/estop_controller.go:121.31,123.78 2 4
github.com/lpasquali/rune-operator/controllers/estop_controller.go:123.78,124.12 1 1
github.com/lpasquali/rune-operator/controllers/estop_controller.go:126.3,126.29 1 3
github.com/lpasquali/rune-operator/controllers/estop_controller.go:126.29,128.4 1 3
github.com/lpasquali/rune-operator/controllers/estop_controller.go:129.3,130.44 2 3
github.com/lpasquali/rune-operator/controllers/estop_controller.go:130.44,133.4 1 1
github.com/lpasquali/rune-operator/controllers/estop_controller.go:133.9,135.4 1 2
github.com/lpasquali/rune-operator/controllers/estop_controller.go:137.2,137.12 1 6
github.com/lpasquali/rune-operator/controllers/runebenchmark_controller.go:38.91,42.2 1 0
github.com/lpasquali/rune-operator/controllers/runebenchmark_controller.go:52.76,53.16 1 3
github.com/lpasquali/rune-operator/controllers/runebenchmark_controller.go:53.16,55.3 1 1
github.com/lpasquali/rune-operator/controllers/runebenchmark_controller.go:56.2,57.43 2 2
github.com/lpasquali/rune-operator/controllers/runebenchmark_controller.go:60.114,65.15 4 14
github.com/lpasquali/rune-operator/controllers/runebenchmark_controller.go:65.15,66.47 1 14
github.com/lpasquali/rune-operator/controllers/runebenchmark_controller.go:66.47,71.4 4 1
github.com/lpasquali/rune-operator/controllers/runebenchmark_controller.go:74.2,76.60 3 14
github.com/lpasquali/rune-operator/controllers/runebenchmark_controller.go:76.60,77.32 1 3
github.com/lpasquali/rune-operator/controllers/runebenchmark_controller.go:77.32,79.61 2 2
github.com/lpasquali/rune-operator/controllers/runebenchmark_controller.go:79.61,81.5 1 1
github.com/lpasquali/rune-operator/controllers/runebenchmark_controller.go:82.4,82.29 1 2
github.com/lpasquali/rune-operator/controllers/runebenchmark_controller.go:84.3,85.28 2 1
github.com/lpasquali/rune-operator/controllers/runebenchmark_controller.go:87.2,87.51 1 11
github.com/lpasquali/rune-operator/controllers/runebenchmark_controller.go:87.51,89.3 1 1
github.com/lpasquali/rune-operator/controllers/runebenchmark_controller.go:91.2,97.22 2 11
github.com/lpasquali/rune-operator/controllers/runebenchmark_controller.go:97.22,100.3 2 2
github.com/lpasquali/rune-operator/controllers/runebenchmark_controller.go:102.2,113.16 10 9
github.com/lpasquali/rune-operator/controllers/runebenchmark_controller.go:113.16,116.3 2 4
github.com/lpasquali/rune-operator/controllers/runebenchmark_controller.go:117.2,119.34 3 9
github.com/lpasquali/rune-operator/controllers/runebenchmark_controller.go:119.34,121.3 1 1
github.com/lpasquali/rune-operator/controllers/runebenchmark_controller.go:123.2,123.16 1 9
github.com/lpasquali/rune-operator/controllers/runebenchmark_controller.go:123.16,129.65 6 4
github.com/lpasquali/rune-operator/controllers/runebenchmark_controller.go:129.65,132.4 2 1
github.com/lpasquali/rune-operator/controllers/runebenchmark_controller.go:133.3,133.108 1 2
github.com/lpasquali/rune-operator/controllers/runebenchmark_controller.go:136.2,144.52 8 5
github.com/lpasquali/rune-operator/controllers/runebenchmark_controller.go:144.52,146.3 1 1
github.com/lpasquali/rune-operator/controllers/runebenchmark_controller.go:148.2,149.48 2 4
github.com/lpasquali/rune-operator/controllers/runebenchmark_controller.go:149.48,151.22 2 2
github.com/lpasquali/rune-operator/controllers/runebenchmark_controller.go:151.22,153.4 1 1
github.com/lpasquali/rune-operator/controllers/runebenchmark_controller.go:156.2,156.53 1 4
github.com/lpasquali/rune-operator/controllers/runebenchmark_controller.go:159.72,160.23 1 21
github.com/lpasquali/rune-operator/controllers/runebenchmark_controller.go:161.23,169.4 1 2
github.com/lpasquali/rune-operator/controllers/runebenchmark_controller.go:170.25,178.4 1 1
github.com/lpasquali/rune-operator/controllers/runebenchmark_controller.go:179.19,193.4 1 1
github.com/lpasquali/rune-operator/controllers/runebenchmark_controller.go:194.10,201.4 1 17
github.com/lpasquali/rune-operator/controllers/runebenchmark_controller.go:205.163,210.16 4 17
github.com/lpasquali/rune-operator/controllers/runebenchmark_controller.go:210.16,212.3 1 1
github.com/lpasquali/rune-operator/controllers/runebenchmark_controller.go:214.2,215.26 2 16
github.com/lpasquali/rune-operator/controllers/runebenchmark_controller.go:215.26,217.71 1 2
github.com/lpasquali/rune-operator/controllers/runebenchmark_controller.go:217.71,221.4 3 2
github.com/lpasquali/rune-operator/controllers/runebenchmark_controller.go:224.2,226.16 3 16
github.com/lpasquali/rune-operator/controllers/runebenchmark_controller.go:226.16,228.3 1 1
github.com/lpasquali/rune-operator/controllers/runebenchmark_controller.go:229.2,230.27 2 15
github.com/lpasquali/rune-operator/controllers/runebenchmark_controller.go:230.27,232.3 1 1
github.com/lpasquali/rune-operator/controllers/runebenchmark_controller.go:234.2,235.21 2 15
github.com/lpasquali/rune-operator/controllers/runebenchmark_controller.go:235.21,237.3 1 1
github.com/lpasquali/rune-operator/controllers/runebenchmark_controller.go:238.2,238.17 1 14
github.com/lpasquali/rune-operator/controllers/runebenchmark_controller.go:238.17,240.3 1 1
github.com/lpasquali/rune-operator/controllers/runebenchmark_controller.go:242.2,243.16 2 14
github.com/lpasquali/rune-operator/controllers/runebenchmark_controller.go:243.16,245.3 1 1
github.com/lpasquali/rune-operator/controllers/runebenchmark_controller.go:246.2,249.16 3 13
github.com/lpasquali/rune-operator/controllers/runebenchmark_controller.go:249.16,251.3 1 1
github.com/lpasquali/rune-operator/controllers/runebenchmark_controller.go:252.2,252.28 1 12
github.com/lpasquali/rune-operator/controllers/runebenchmark_controller.go:252.28,254.3 1 4
github.com/lpasquali/rune-operator/controllers/runebenchmark_controller.go:256.2,257.58 2 8
github.com/lpasquali/rune-operator/controllers/runebenchmark_controller.go:257.58,259.3 1 1
github.com/lpasquali/rune-operator/controllers/runebenchmark_controller.go:260.2,260.45 1 7
github.com/lpasquali/rune-operator/controllers/runebenchmark_controller.go:260.45,262.3 1 6
github.com/lpasquali/rune-operator/controllers/runebenchmark_controller.go:263.2,264.20 2 7
github.com/lpasquali/rune-operator/controllers/runebenchmark_controller.go:267.82,269.43 2 14
github.com/lpasquali/rune-operator/controllers/runebenchmark_controller.go:269.43,271.3 1 3
github.com/lpasquali/rune-operator/controllers/runebenchmark_controller.go:272.2,273.34 2 11
github.com/lpasquali/rune-operator/controllers/runebenchmark_controller.go:273.34,274.25 1 10
github.com/lpasquali/rune-operator/controllers/runebenchmark_controller.go:274.25,276.4 1 9
github.com/lpasquali/rune-operator/controllers/runebenchmark_controller.go:278.2,279.12 2 11
github.com/lpasquali/rune-operator/controllers/runebenchmark_controller.go:282.116,284.15 2 19
github.com/lpasquali/rune-operator/controllers/runebenchmark_controller.go:284.15,286.3 1 13
github.com/lpasquali/rune-operator/controllers/runebenchmark_controller.go:287.2,288.21 2 6
github.com/lpasquali/rune-operator/controllers/runebenchmark_controller.go:288.21,290.3 1 2
github.com/lpasquali/rune-operator/controllers/runebenchmark_controller.go:291.2,291.31 1 4
github.com/lpasquali/rune-operator/controllers/runebenchmark_controller.go:291.31,293.3 1 1
github.com/lpasquali/rune-operator/controllers/runebenchmark_controller.go:294.2,295.104 2 3
github.com/lpasquali/rune-operator/controllers/runebenchmark_controller.go:295.104,297.3 1 1
github.com/lpasquali/rune-operator/controllers/runebenchmark_controller.go:298.2,298.36 1 2
github.com/lpasquali/rune-operator/controllers/runebenchmark_controller.go:298.36,300.3 1 1
github.com/lpasquali/rune-operator/controllers/runebenchmark_controller.go:301.2,301.56 1 1
github.com/lpasquali/rune-operator/controllers/runebenchmark_controller.go:304.95,305.28 1 11
github.com/lpasquali/rune-operator/controllers/runebenchmark_controller.go:305.28,306.38 1 2
github.com/lpasquali/rune-operator/controllers/runebenchmark_controller.go:306.38,309.4 2 1
github.com/lpasquali/rune-operator/controllers/runebenchmark_controller.go:311.2,311.33 1 10
github.com/lpasquali/rune-operator/controllers/runebenchmark_controller.go:314.46,315.12 1 13
github.com/lpasquali/rune-operator/controllers/runebenchmark_controller.go:315.12,317.3 1 8
github.com/lpasquali/rune-operator/controllers/runebenchmark_controller.go:318.2,318.10 1 5
github.com/lpasquali/rune-operator/controllers/runebenchmark_controller.go:321.67,324.16 3 4
github.com/lpasquali/rune-operator/controllers/runebenchmark_controller.go:324.16,326.3 1 2
github.com/lpasquali/rune-operator/controllers/runebenchmark_controller.go:327.2,327.33 1 2
